[22:09:36]: [32m------------------------------[0m
[22:09:36]: [32m--- Step: default_platform ---[0m
[22:09:36]: [32m------------------------------[0m
[22:09:36]: [32mDriving the lane 'ios test' 🚀[0m
[22:09:36]: [32m---------------------------------------------[0m
[22:09:36]: [32m--- Step: Switch to ios install_pods lane ---[0m
[22:09:36]: [32m---------------------------------------------[0m
[22:09:36]: Cruising over to lane 'ios install_pods' 🚖
[22:09:36]: Changed to Directory: /Users/diegopereira/Documents/Development/git/HarnessReact/ios
[22:09:36]: Found Podfile!
[22:09:36]: [32m-----------------------[0m
[22:09:36]: [32m--- Step: cocoapods ---[0m
[22:09:36]: [32m-----------------------[0m
[22:09:36]: [36m$ bundle exec pod install --repo-update[0m
[22:09:39]: ▸ [35m[!] No `Podfile' found in the project directory.[0m
[22:09:39]: [31mExit status of command 'bundle exec pod install --repo-update' was 1 instead of 0.
[!] No `Podfile' found in the project directory.
[0m
+------------------+----------+
|        [33mLane Context[0m         |
+------------------+----------+
| DEFAULT_PLATFORM | ios      |
| PLATFORM_NAME    | ios      |
| LANE_NAME        | ios test |
+------------------+----------+
[22:09:39]: [31m[!] No `Podfile' found in the project directory.
[0m

+------+---------------------------------+-------------+
|                   [32mfastlane summary[0m                   |
+------+---------------------------------+-------------+
| Step | Action                          | Time (in s) |
+------+---------------------------------+-------------+
| 1    | default_platform                | 0           |
| 2    | Switch to ios install_pods lane | 0           |
| 💥   | [31mcocoapods[0m                       | 3           |
+------+---------------------------------+-------------+

[22:09:39]: [31mfastlane finished with errors[0m

Looking for related GitHub issues on fastlane/fastlane...

➡️  [33mNo profiles for 'fr..exemple.app' were found, however match finds them [0m
    https://github.com/fastlane/fastlane/issues/21497 [[31mopen[0m] 2 💬
    27 Oct 2023

➡️  [33mgym error on macOS Ventura 13.0, Xcode 14.0.1 & Xcode 14.1[0m
    https://github.com/fastlane/fastlane/issues/20810 [[31mopen[0m] 37 💬
    6 weeks ago

➡️  [33mCannot get build_and_upload_to_appetize to work with React Native[0m
    https://github.com/fastlane/fastlane/issues/20941 [[31mopen[0m] 0 💬
    17 Dec 2022

and 132 more at: https://github.com/fastlane/fastlane/search?q=%5B%21%5D%20No%20%60Podfile%27%20found%20in%20the%20project%20directory.%0A&type=Issues&utf8=✓

🔗  You can ⌘ + double-click on links to open them directly in your browser.

#######################################################################
# fastlane 2.219.0 is available. You are on 2.212.2.
# You should use the latest version.
# Please update using `bundle update fastlane`.
#######################################################################

[32m2.219.0 Improvements[0m
* [fastlane][ci] Lock google-cloud-env < 2.0.0 for Ruby 2.6 and fix CI to use specified ruby versions (#21777) via Josh Holtz (@joshdholtz)
* [sigh] prevent crashes in `fetch_profiles` when profiles have no `bundle_id` (#21758) via jonas2808 (@jonas2808)
* [scan] Fix device selection issue fallback scenario (#21772) via arc-v2 (@arc-v2)
* [sigh] fix cache parameters validation (#21766) via Vitalii Budnik (@nekrich)
* [match] fix cache issues in read-only mode (#21767) via Vitalii Budnik (@nekrich)

[32m2.218.0 Improvements[0m
Auto-generated by fastlane 🤖

**Changes since release '2.217.0':**

* [action][sonar] replace deprecated sonar.login parameter with sonar.token (#21736) via Panajev (@Panajev)
* [action][spm] add simulator flag for swift compiler (#21707) via Mohammad Gharari (@gharary)
* [security] update `sinatra` dev dependency to resolve dependabot alert (#21709) via Jerome Lacoste (@lacostej)
* [fastlane-core] recommends to retry uploading when AltoolTransporterExecutor crashes (#21536) via Jason Hagglund (@TheMetalCode)
* [Fastlane.swift] fix Unexpected duplicate tasks error message in Fastlane Swift (#21621) via Daniel Jankowski (@mollyIV)
* [scan] Filter simulators with version greater than SDK version of active Xcode installation when choosing default (#21677) via wuaar1003 (@wuaar1003)
* [plugin_generator] move development dependencies from `*.gemspec.erb` to `Gemfile.erb` (#21726) via Roger Oba (@rogerluan)
* [match] add caching layer to significantly improve performance by up to 100x (#21694) via Vitalii Budnik (@nekrich)
* [fastlane_core] add support to Ruby 3.3 (#21683) via Jerome Lacoste (@lacostej)
* [fastlane] remove some unused method parameters (#21722) via Jerome Lacoste (@lacostej)
* [action][spm] deprecate `build_path` option in favor of `scratch_path`, as recommended by Swift CLI (#20814) via Victor Carvalho Tavernari (@Tavernari)
* [match] git storage: allow simultaneous usage of clone_branch_directly and shallow_clone (#21716) via Vitalii Budnik (@nekrich)
* [action][spm] add `parallel` option (#21665) via Bram Schulting (@bramschulting)
* [fastlane_core] remove expired WWDR G1 certificate from cert_checker (#21098) via janwiebe-jump (@janwiebe-jump)
* [action][upload_symbols_to_crashlytics] allow '~' in binary path (#21032) via GevaZeichner (@GevaZeichner)
* [scan] replace the `simctl boot` command with `simctl bootstatus`, potentially fixing signal kill before running tests (#21026) via Alexey Alter-Pesotskiy (@testableapple)
* [spaceship] add `Spaceship::ConnectAPI::AppPreviewSet::PreviewType::IPHONE_67` (#21710) via Sergei Sevkovich (@drcreazy)
* [action][ensure_no_debug_code] detect binding.irb in `ensure_no_debug_code` during build. (#21635) via Takuma Homma (@mataku)
* CONTRIBUTING.md: remove Google CLA section (#21646) via Jay Soffian (@jaysoffian)
* [fastlane_core] hide xcodebuild stderr to solve #21672 (#21673) via Jerome Lacoste (@lacostej)
* [scan] fix misleading error message when no devices are found (#21650) via Miles Thompson (@MagnificentMiles)
* [deliver][spaceship][scan] fix build warnings in rspec (#21660) via Jerome Lacoste (@lacostej)
* [deliver] fix regression where changes made to the privacy URL fail to upload (#21657) via Owen Hart (@owjsub)
* [fastlane_core] let FastlanePty detect when externally invoked programs crash, harden it when using popen, and expose process statuses. (#21618) via Jerome Lacoste (@lacostej)

[32m2.217.0 Improvements[0m
* [spaceship] work around deliver issue #21105 (#21633) via Jerome Lacoste (@lacostej)
* [action][slather] add support for slather's new --ymlfile option (#21613) via jarrodlombardo-EventBase (@jarrodlombardo-EventBase)
* [action][notarize] printing log on error (#21609) via Csaba Szigeti (@szigetics)
* [tests] fix test being potentially muddied by local ENV (#21586) via Olivier Halligon (@AliSoftware)
* [match] remove redundant fetching of profile devices and certificates (#21409) via Vitalii Budnik (@nekrich)
* [match] hide sensitive information in match output (#21603) via Duncan MacDonald (@oct0f1sh)
* [supple] fix issue with releases containing retained versions (#20997) (#20998) via Mariano Miani (@mmiani)
* [action][git_branch] add `FL_GIT_BRANCH_DONT_USE_ENV_VARS` env var to `git_branch` (#21597) via Oguz Kocer (@oguzkocer)
* [tests] Make error message expectation more flexible in `runner_spec.rb` to support Ruby 2.6 error message format (#21591) via Olivier Halligon (@AliSoftware)
* [docs] fix typo `practies` → `practices` based on feedback from fastlane/docs (#21589) via Roger Oba (@rogerluan)
* [fastlane] add support for keyword arguments for lanes in Ruby 3 (#21587) via Olivier Halligon (@AliSoftware)
* [tests] update `fakefs` to fix test failures on Ruby 3.2.2 (#21588) via Olivier Halligon (@AliSoftware)
* [deliver] Add Watch Ultra screen size (#21106) via Aoi Takahashi (@xiii111)
* [docs] update a bit of the documentation of install_on_device.rb (#21196) via ls-1N (@ls-1N)
* [precheck] print the HTTP status as the failure reason when it's not 200 (#21051) via Roger Oba (@rogerluan)
* [supply] parallel uploads for meta per language (#21474) via Cristian Caruceru (@ccaruceru)
* [action][nexus_upload] Mark Nexus password as a sensitive field (#21564) via Liam Jones (@liamjones)
* [trainer] check specifically for file url in failure_message, fixing crash in Xcode 15 when running in Apple Silicon (#21493) via Jason Hagglund (@TheMetalCode)
* [gym] fix error message for catalyst_platform option (#21332) via Sebastian Staudt (@koraktor)
* [deliver] show file type correctly in user_error (#21403) via Aru Hyunseung Jeon (@Dogdriip)
* [gym] fix multiplatform iOS builds (#21319) via Zach Waugh (@zachwaugh)
* [match] make git_private_key path absolute (#21360) via Marko Samec (@msamec)
* [snapshot] Add Missing Older iPhone & iPad models to Generated Snapshot Reports (#21557) via Kyle Howells (@kylehowells)
* [deliver] Capturing NoMethodError exception when fetching live app info (#21553) via Ignacio Calderon (@kronenthaler)
* [snapshot] support Strict Concurrency for SnapshotHelper (#21400) via Kohki Miki (@giginet)
* [match] added selection of certificate and p12 key by certificate id (#21428) via Ivan Sorokoletov (@slacklab)
* [spaceship] allow to specify fetched fields (#21528) via Vitalii Budnik (@nekrich)
* [snapshot] add Support for New Apple Devices in Snapshot Generator (#21554) via Sandeep Joshi (@isandeepj)
* [deliver] fetch live app info if no edit info is present, fixing scenario of having both macOS and iOS apps present (#21472) via Lorenzo Mattei (@loremattei)

[32mTo see all new releases, open https://github.com/fastlane/fastlane/releases[0m

[32mPlease update using `bundle update fastlane`[0m
